<?xml version="1.0" encoding="UTF-8"?>
<testsuite xmlns:xsi="http://www.w3.org/2001/XMLSchema-instance" xsi:noNamespaceSchemaLocation="https://maven.apache.org/surefire/maven-surefire-plugin/xsd/surefire-test-report.xsd" name="servicii.foto.SedintaFotoSimplaTest" time="0.009" tests="20" errors="0" skipped="0" failures="0">
  <properties>
    <property name="gopherProxySet" value="false"/>
    <property name="awt.toolkit" value="sun.lwawt.macosx.LWCToolkit"/>
    <property name="file.encoding.pkg" value="sun.io"/>
    <property name="java.specification.version" value="1.8"/>
    <property name="sun.cpu.isalist" value=""/>
    <property name="sun.jnu.encoding" value="UTF-8"/>
    <property name="java.class.path" value="/Users/ovidiu/Desktop/ProiectFIS/target/test-classes:/Users/ovidiu/Desktop/ProiectFIS/target/classes:/Users/ovidiu/.m2/repository/junit/junit/4.12/junit-4.12.jar:/Users/ovidiu/.m2/repository/org/hamcrest/hamcrest-core/1.3/hamcrest-core-1.3.jar:/Users/ovidiu/.m2/repository/com/googlecode/json-simple/json-simple/1.1.1/json-simple-1.1.1.jar:/Users/ovidiu/.m2/repository/org/openjfx/javafx-controls/14/javafx-controls-14.jar:/Users/ovidiu/.m2/repository/org/openjfx/javafx-controls/14/javafx-controls-14-mac.jar:/Users/ovidiu/.m2/repository/org/openjfx/javafx-graphics/14/javafx-graphics-14.jar:/Users/ovidiu/.m2/repository/org/openjfx/javafx-graphics/14/javafx-graphics-14-mac.jar:/Users/ovidiu/.m2/repository/org/openjfx/javafx-base/14/javafx-base-14.jar:/Users/ovidiu/.m2/repository/org/openjfx/javafx-base/14/javafx-base-14-mac.jar:/Users/ovidiu/.m2/repository/org/openjfx/javafx-fxml/14/javafx-fxml-14.jar:/Users/ovidiu/.m2/repository/org/openjfx/javafx-fxml/14/javafx-fxml-14-mac.jar:/Users/ovidiu/.m2/repository/com/fasterxml/jackson/core/jackson-databind/2.11.0.rc1/jackson-databind-2.11.0.rc1.jar:/Users/ovidiu/.m2/repository/com/fasterxml/jackson/core/jackson-annotations/2.11.0.rc1/jackson-annotations-2.11.0.rc1.jar:/Users/ovidiu/.m2/repository/com/fasterxml/jackson/core/jackson-core/2.11.0.rc1/jackson-core-2.11.0.rc1.jar:/Users/ovidiu/.m2/repository/commons-io/commons-io/1.3.2/commons-io-1.3.2.jar:/Users/ovidiu/.m2/repository/org/mockito/mockito-all/1.10.19/mockito-all-1.10.19.jar:"/>
    <property name="java.vm.vendor" value="Oracle Corporation"/>
    <property name="sun.arch.data.model" value="64"/>
    <property name="java.vendor.url" value="http://java.oracle.com/"/>
    <property name="user.timezone" value=""/>
    <property name="java.vm.specification.version" value="1.8"/>
    <property name="os.name" value="Mac OS X"/>
    <property name="user.country" value="RO"/>
    <property name="sun.java.launcher" value="SUN_STANDARD"/>
    <property name="sun.boot.library.path" value="/Library/Java/JavaVirtualMachines/jdk1.8.0_221.jdk/Contents/Home/jre/lib"/>
    <property name="sun.java.command" value="/Users/ovidiu/Desktop/ProiectFIS/target/surefire/surefirebooter7585749412304094601.jar /Users/ovidiu/Desktop/ProiectFIS/target/surefire 2020-06-21T08-03-02_088-jvmRun1 surefire3894164757843927620tmp surefire_02999633242744144324tmp"/>
    <property name="http.nonProxyHosts" value="local|*.local|169.254/16|*.169.254/16"/>
    <property name="surefire.test.class.path" value="/Users/ovidiu/Desktop/ProiectFIS/target/test-classes:/Users/ovidiu/Desktop/ProiectFIS/target/classes:/Users/ovidiu/.m2/repository/junit/junit/4.12/junit-4.12.jar:/Users/ovidiu/.m2/repository/org/hamcrest/hamcrest-core/1.3/hamcrest-core-1.3.jar:/Users/ovidiu/.m2/repository/com/googlecode/json-simple/json-simple/1.1.1/json-simple-1.1.1.jar:/Users/ovidiu/.m2/repository/org/openjfx/javafx-controls/14/javafx-controls-14.jar:/Users/ovidiu/.m2/repository/org/openjfx/javafx-controls/14/javafx-controls-14-mac.jar:/Users/ovidiu/.m2/repository/org/openjfx/javafx-graphics/14/javafx-graphics-14.jar:/Users/ovidiu/.m2/repository/org/openjfx/javafx-graphics/14/javafx-graphics-14-mac.jar:/Users/ovidiu/.m2/repository/org/openjfx/javafx-base/14/javafx-base-14.jar:/Users/ovidiu/.m2/repository/org/openjfx/javafx-base/14/javafx-base-14-mac.jar:/Users/ovidiu/.m2/repository/org/openjfx/javafx-fxml/14/javafx-fxml-14.jar:/Users/ovidiu/.m2/repository/org/openjfx/javafx-fxml/14/javafx-fxml-14-mac.jar:/Users/ovidiu/.m2/repository/com/fasterxml/jackson/core/jackson-databind/2.11.0.rc1/jackson-databind-2.11.0.rc1.jar:/Users/ovidiu/.m2/repository/com/fasterxml/jackson/core/jackson-annotations/2.11.0.rc1/jackson-annotations-2.11.0.rc1.jar:/Users/ovidiu/.m2/repository/com/fasterxml/jackson/core/jackson-core/2.11.0.rc1/jackson-core-2.11.0.rc1.jar:/Users/ovidiu/.m2/repository/commons-io/commons-io/1.3.2/commons-io-1.3.2.jar:/Users/ovidiu/.m2/repository/org/mockito/mockito-all/1.10.19/mockito-all-1.10.19.jar:"/>
    <property name="sun.cpu.endian" value="little"/>
    <property name="user.home" value="/Users/ovidiu"/>
    <property name="user.language" value="en"/>
    <property name="java.specification.vendor" value="Oracle Corporation"/>
    <property name="java.home" value="/Library/Java/JavaVirtualMachines/jdk1.8.0_221.jdk/Contents/Home/jre"/>
    <property name="basedir" value="/Users/ovidiu/Desktop/ProiectFIS"/>
    <property name="file.separator" value="/"/>
    <property name="line.separator" value="&#10;"/>
    <property name="java.vm.specification.vendor" value="Oracle Corporation"/>
    <property name="java.specification.name" value="Java Platform API Specification"/>
    <property name="java.awt.graphicsenv" value="sun.awt.CGraphicsEnvironment"/>
    <property name="surefire.real.class.path" value="/Users/ovidiu/Desktop/ProiectFIS/target/surefire/surefirebooter7585749412304094601.jar:/Users/ovidiu/.m2/repository/org/jacoco/org.jacoco.agent/0.7.9/org.jacoco.agent-0.7.9-runtime.jar"/>
    <property name="sun.boot.class.path" value="/Library/Java/JavaVirtualMachines/jdk1.8.0_221.jdk/Contents/Home/jre/lib/resources.jar:/Library/Java/JavaVirtualMachines/jdk1.8.0_221.jdk/Contents/Home/jre/lib/rt.jar:/Library/Java/JavaVirtualMachines/jdk1.8.0_221.jdk/Contents/Home/jre/lib/sunrsasign.jar:/Library/Java/JavaVirtualMachines/jdk1.8.0_221.jdk/Contents/Home/jre/lib/jsse.jar:/Library/Java/JavaVirtualMachines/jdk1.8.0_221.jdk/Contents/Home/jre/lib/jce.jar:/Library/Java/JavaVirtualMachines/jdk1.8.0_221.jdk/Contents/Home/jre/lib/charsets.jar:/Library/Java/JavaVirtualMachines/jdk1.8.0_221.jdk/Contents/Home/jre/lib/jfr.jar:/Library/Java/JavaVirtualMachines/jdk1.8.0_221.jdk/Contents/Home/jre/classes"/>
    <property name="sun.management.compiler" value="HotSpot 64-Bit Tiered Compilers"/>
    <property name="ftp.nonProxyHosts" value="local|*.local|169.254/16|*.169.254/16"/>
    <property name="java.runtime.version" value="1.8.0_221-b11"/>
    <property name="user.name" value="ovidiu"/>
    <property name="path.separator" value=":"/>
    <property name="os.version" value="10.15.5"/>
    <property name="java.endorsed.dirs" value="/Library/Java/JavaVirtualMachines/jdk1.8.0_221.jdk/Contents/Home/jre/lib/endorsed"/>
    <property name="java.runtime.name" value="Java(TM) SE Runtime Environment"/>
    <property name="file.encoding" value="UTF-8"/>
    <property name="java.vm.name" value="Java HotSpot(TM) 64-Bit Server VM"/>
    <property name="localRepository" value="/Users/ovidiu/.m2/repository"/>
    <property name="java.vendor.url.bug" value="http://bugreport.sun.com/bugreport/"/>
    <property name="java.io.tmpdir" value="/var/folders/9c/l3drmxkx16ld6bq3xfzq4zhc0000gn/T/"/>
    <property name="java.version" value="1.8.0_221"/>
    <property name="user.dir" value="/Users/ovidiu/Desktop/ProiectFIS"/>
    <property name="os.arch" value="x86_64"/>
    <property name="java.vm.specification.name" value="Java Virtual Machine Specification"/>
    <property name="java.awt.printerjob" value="sun.lwawt.macosx.CPrinterJob"/>
    <property name="sun.os.patch.level" value="unknown"/>
    <property name="java.library.path" value="/Users/ovidiu/Library/Java/Extensions:/Library/Java/Extensions:/Network/Library/Java/Extensions:/System/Library/Java/Extensions:/usr/lib/java:."/>
    <property name="java.vm.info" value="mixed mode"/>
    <property name="java.vendor" value="Oracle Corporation"/>
    <property name="java.vm.version" value="25.221-b11"/>
    <property name="java.ext.dirs" value="/Users/ovidiu/Library/Java/Extensions:/Library/Java/JavaVirtualMachines/jdk1.8.0_221.jdk/Contents/Home/jre/lib/ext:/Library/Java/Extensions:/Network/Library/Java/Extensions:/System/Library/Java/Extensions:/usr/lib/java"/>
    <property name="sun.io.unicode.encoding" value="UnicodeBig"/>
    <property name="java.class.version" value="52.0"/>
    <property name="socksNonProxyHosts" value="local|*.local|169.254/16|*.169.254/16"/>
  </properties>
  <testcase name="testAlbum[0]" classname="servicii.foto.SedintaFotoSimplaTest" time="0"/>
  <testcase name="testData[0]" classname="servicii.foto.SedintaFotoSimplaTest" time="0"/>
  <testcase name="testInformatiiServici[0]" classname="servicii.foto.SedintaFotoSimplaTest" time="0"/>
  <testcase name="testNumeClient[0]" classname="servicii.foto.SedintaFotoSimplaTest" time="0"/>
  <testcase name="testStudio[0]" classname="servicii.foto.SedintaFotoSimplaTest" time="0"/>
  <testcase name="testAlbum[1]" classname="servicii.foto.SedintaFotoSimplaTest" time="0"/>
  <testcase name="testData[1]" classname="servicii.foto.SedintaFotoSimplaTest" time="0"/>
  <testcase name="testInformatiiServici[1]" classname="servicii.foto.SedintaFotoSimplaTest" time="0"/>
  <testcase name="testNumeClient[1]" classname="servicii.foto.SedintaFotoSimplaTest" time="0"/>
  <testcase name="testStudio[1]" classname="servicii.foto.SedintaFotoSimplaTest" time="0"/>
  <testcase name="testAlbum[2]" classname="servicii.foto.SedintaFotoSimplaTest" time="0"/>
  <testcase name="testData[2]" classname="servicii.foto.SedintaFotoSimplaTest" time="0"/>
  <testcase name="testInformatiiServici[2]" classname="servicii.foto.SedintaFotoSimplaTest" time="0.001"/>
  <testcase name="testNumeClient[2]" classname="servicii.foto.SedintaFotoSimplaTest" time="0.001"/>
  <testcase name="testStudio[2]" classname="servicii.foto.SedintaFotoSimplaTest" time="0.001"/>
  <testcase name="testAlbum[3]" classname="servicii.foto.SedintaFotoSimplaTest" time="0"/>
  <testcase name="testData[3]" classname="servicii.foto.SedintaFotoSimplaTest" time="0"/>
  <testcase name="testInformatiiServici[3]" classname="servicii.foto.SedintaFotoSimplaTest" time="0.001"/>
  <testcase name="testNumeClient[3]" classname="servicii.foto.SedintaFotoSimplaTest" time="0"/>
  <testcase name="testStudio[3]" classname="servicii.foto.SedintaFotoSimplaTest" time="0"/>
</testsuite>